0 info it worked if it ends with ok
1 verbose cli [ 'C:\\Program Files\\nodejs\\node.exe',
1 verbose cli   'C:\\Program Files\\nodejs\\node_modules\\npm\\bin\\npm-cli.js',
1 verbose cli   'install',
1 verbose cli   '--save',
1 verbose cli   'angular-loaders' ]
2 info using npm@4.1.2
3 info using node@v7.7.3
4 silly loadCurrentTree Starting
5 silly install loadCurrentTree
6 silly install readLocalPackageData
7 silly fetchPackageMetaData angular-loaders
8 silly fetchNamedPackageData angular-loaders
9 silly mapToRegistry name angular-loaders
10 silly mapToRegistry using default registry
11 silly mapToRegistry registry https://registry.npmjs.org/
12 silly mapToRegistry data Result {
12 silly mapToRegistry   raw: 'angular-loaders',
12 silly mapToRegistry   scope: null,
12 silly mapToRegistry   escapedName: 'angular-loaders',
12 silly mapToRegistry   name: 'angular-loaders',
12 silly mapToRegistry   rawSpec: '',
12 silly mapToRegistry   spec: 'latest',
12 silly mapToRegistry   type: 'tag' }
13 silly mapToRegistry uri https://registry.npmjs.org/angular-loaders
14 verbose request uri https://registry.npmjs.org/angular-loaders
15 verbose request no auth needed
16 info attempt registry request try #1 at 2:09:01 PM
17 verbose request id c6b37e11ee1efadc
18 http request GET https://registry.npmjs.org/angular-loaders
19 info retry will retry, error on last attempt: Error: socket hang up
20 info attempt registry request try #2 at 2:09:11 PM
21 http request GET https://registry.npmjs.org/angular-loaders
22 info retry will retry, error on last attempt: Error: socket hang up
23 info attempt registry request try #3 at 2:10:11 PM
24 http request GET https://registry.npmjs.org/angular-loaders
25 silly fetchPackageMetaData Error: socket hang up
25 silly fetchPackageMetaData     at TLSSocket.onHangUp (_tls_wrap.js:1116:19)
25 silly fetchPackageMetaData     at Object.onceWrapper (events.js:293:19)
25 silly fetchPackageMetaData     at emitNone (events.js:91:20)
25 silly fetchPackageMetaData     at TLSSocket.emit (events.js:188:7)
25 silly fetchPackageMetaData     at endReadableNT (_stream_readable.js:974:12)
25 silly fetchPackageMetaData     at _combinedTickCallback (internal/process/next_tick.js:80:11)
25 silly fetchPackageMetaData     at process._tickCallback (internal/process/next_tick.js:104:9)
25 silly fetchPackageMetaData  error for angular-loaders { Error: socket hang up
25 silly fetchPackageMetaData     at TLSSocket.onHangUp (_tls_wrap.js:1116:19)
25 silly fetchPackageMetaData     at Object.onceWrapper (events.js:293:19)
25 silly fetchPackageMetaData     at emitNone (events.js:91:20)
25 silly fetchPackageMetaData     at TLSSocket.emit (events.js:188:7)
25 silly fetchPackageMetaData     at endReadableNT (_stream_readable.js:974:12)
25 silly fetchPackageMetaData     at _combinedTickCallback (internal/process/next_tick.js:80:11)
25 silly fetchPackageMetaData     at process._tickCallback (internal/process/next_tick.js:104:9) code: 'ECONNRESET' }
26 silly rollbackFailedOptional Starting
27 silly rollbackFailedOptional Finishing
28 silly runTopLevelLifecycles Finishing
29 silly install printInstalled
30 verbose stack Error: socket hang up
30 verbose stack     at TLSSocket.onHangUp (_tls_wrap.js:1116:19)
30 verbose stack     at Object.onceWrapper (events.js:293:19)
30 verbose stack     at emitNone (events.js:91:20)
30 verbose stack     at TLSSocket.emit (events.js:188:7)
30 verbose stack     at endReadableNT (_stream_readable.js:974:12)
30 verbose stack     at _combinedTickCallback (internal/process/next_tick.js:80:11)
30 verbose stack     at process._tickCallback (internal/process/next_tick.js:104:9)
31 verbose cwd C:\Learning\ionic
32 error Windows_NT 6.1.7601
33 error argv "C:\\Program Files\\nodejs\\node.exe" "C:\\Program Files\\nodejs\\node_modules\\npm\\bin\\npm-cli.js" "install" "--save" "angular-loaders"
34 error node v7.7.3
35 error npm  v4.1.2
36 error code ECONNRESET
37 error network socket hang up
38 error network This is most likely not a problem with npm itself
38 error network and is related to network connectivity.
38 error network In most cases you are behind a proxy or have bad network settings.
38 error network
38 error network If you are behind a proxy, please make sure that the
38 error network 'proxy' config is set properly.  See: 'npm help config'
39 verbose exit [ 1, true ]
